[INFO] Scanning for projects...
[INFO] ------------------------------------------------------------------------
[INFO] Reactor Build Order:
[INFO] 
[INFO] Check List IS EMPTY reproducer for Hibenate Reactive               [pom]
[INFO] Hibernate ORM 5                                                    [jar]
[INFO] Hibernate ORM 6                                                    [jar]
[INFO] Hibernate Reactive                                                 [jar]
[INFO] 
[INFO] ----------< se.agreedskiing.hibernate.list:reproducer-parent >----------
[INFO] Building Check List IS EMPTY reproducer for Hibenate Reactive 1.0.0-SNAPSHOT [1/4]
[INFO] --------------------------------[ pom ]---------------------------------
[INFO] 
[INFO] --- maven-clean-plugin:2.5:clean (default-clean) @ reproducer-parent ---
[INFO] 
[INFO] ---------< se.agreedskiing.hibernate.list:hibernate-orm-five >----------
[INFO] Building Hibernate ORM 5 1.0.0-SNAPSHOT                            [2/4]
[INFO] --------------------------------[ jar ]---------------------------------
[INFO] 
[INFO] --- maven-clean-plugin:2.5:clean (default-clean) @ hibernate-orm-five ---
[INFO] Deleting /home/baker_reorients/java/hibernate-empty-list-reproducer/hibernate-orm-five/target
[INFO] 
[INFO] --- maven-resources-plugin:2.6:resources (default-resources) @ hibernate-orm-five ---
[INFO] Using 'UTF-8' encoding to copy filtered resources.
[INFO] Copying 3 resources
[INFO] 
[INFO] --- maven-compiler-plugin:3.10.1:compile (default-compile) @ hibernate-orm-five ---
[INFO] Changes detected - recompiling the module!
[INFO] Compiling 2 source files to /home/baker_reorients/java/hibernate-empty-list-reproducer/hibernate-orm-five/target/classes
[INFO] 
[INFO] --- maven-resources-plugin:2.6:testResources (default-testResources) @ hibernate-orm-five ---
[INFO] Using 'UTF-8' encoding to copy filtered resources.
[INFO] skip non existing resourceDirectory /home/baker_reorients/java/hibernate-empty-list-reproducer/hibernate-orm-five/src/test/resources
[INFO] 
[INFO] --- maven-compiler-plugin:3.10.1:testCompile (default-testCompile) @ hibernate-orm-five ---
[INFO] Changes detected - recompiling the module!
[INFO] Compiling 3 source files to /home/baker_reorients/java/hibernate-empty-list-reproducer/hibernate-orm-five/target/test-classes
[INFO] 
[INFO] --- maven-surefire-plugin:3.0.0-M9:test (default-test) @ hibernate-orm-five ---
[INFO] Using auto detected provider org.apache.maven.surefire.junitplatform.JUnitPlatformProvider
[INFO] 
[INFO] -------------------------------------------------------
[INFO]  T E S T S
[INFO] -------------------------------------------------------
[INFO] Running se.agreedskiing.hibernate.list.hibernate.five.ApplicationTest
2023-03-07 22:15:55 [main] INFO  o.t.utility.ImageNameSubstitutor - Image name substitution will be performed by: DefaultImageNameSubstitutor (composite of 'ConfigurationFileImageNameSubstitutor' and 'PrefixingImageNameSubstitutor')
2023-03-07 22:15:55 [main] INFO  o.t.d.DockerClientProviderStrategy - Loaded org.testcontainers.dockerclient.UnixSocketClientProviderStrategy from ~/.testcontainers.properties, will try it first
2023-03-07 22:15:55 [main] INFO  o.t.d.DockerClientProviderStrategy - Found Docker environment with local Unix socket (unix:///var/run/docker.sock)
2023-03-07 22:15:55 [main] INFO  o.testcontainers.DockerClientFactory - Docker host IP address is localhost
2023-03-07 22:15:55 [main] INFO  o.testcontainers.DockerClientFactory - Connected to docker: 
  Server Version: 23.0.1
  API Version: 1.42
  Operating System: Ubuntu 20.04.5 LTS
  Total Memory: 7887 MB
2023-03-07 22:15:55 [main] INFO  üê≥ [testcontainers/ryuk:0.3.4] - Creating container for image: testcontainers/ryuk:0.3.4
2023-03-07 22:15:55 [main] INFO  o.t.utility.RegistryAuthLocator - Failure when attempting to lookup auth config. Please ignore if you don't have images in an authenticated registry. Details: (dockerImageName: testcontainers/ryuk:0.3.4, configFile: /home/baker_reorients/.docker/config.json. Falling back to docker-java default behaviour. Exception message: /home/baker_reorients/.docker/config.json (No such file or directory)
2023-03-07 22:15:56 [main] INFO  üê≥ [testcontainers/ryuk:0.3.4] - Container testcontainers/ryuk:0.3.4 is starting: 33c4a8ec135491e8bf61915194f952ccd0c554393d808cc79e08462a3a229cc5
2023-03-07 22:15:58 [main] INFO  üê≥ [testcontainers/ryuk:0.3.4] - Container testcontainers/ryuk:0.3.4 started in PT2.274968701S
2023-03-07 22:15:58 [main] INFO  o.t.utility.RyukResourceReaper - Ryuk started - will monitor and terminate Testcontainers containers on JVM exit
2023-03-07 22:15:58 [main] INFO  o.testcontainers.DockerClientFactory - Checking the system...
2023-03-07 22:15:58 [main] INFO  o.testcontainers.DockerClientFactory - ‚úîÔ∏é Docker server version should be at least 1.6.0
2023-03-07 22:15:58 [main] INFO  üê≥ [postgres:14.0-alpine] - Creating container for image: postgres:14.0-alpine
2023-03-07 22:15:58 [main] INFO  üê≥ [postgres:14.0-alpine] - Container postgres:14.0-alpine is starting: 6ce745d908102ef48421bb712f852eba84d266d28190f8f3421d70b4b958af56
2023-03-07 22:16:02 [main] INFO  üê≥ [postgres:14.0-alpine] - Container postgres:14.0-alpine started in PT4.84794165S
2023-03-07 22:16:02 [main] INFO  o.h.jpa.internal.util.LogHelper - HHH000204: Processing PersistenceUnitInfo [name: standard]
2023-03-07 22:16:03 [main] INFO  org.hibernate.Version - HHH000412: Hibernate ORM core version 5.6.15.Final
2023-03-07 22:16:03 [main] INFO  o.h.annotations.common.Version - HCANN000001: Hibernate Commons Annotations {5.1.2.Final}
2023-03-07 22:16:03 [main] WARN  o.hibernate.orm.connections.pooling - HHH10001002: Using Hibernate built-in connection pool (not for production use!)
2023-03-07 22:16:03 [main] INFO  o.hibernate.orm.connections.pooling - HHH10001005: using driver [org.postgresql.Driver] at URL [jdbc:postgresql://localhost:32990/hibernate_orm_five]
2023-03-07 22:16:03 [main] INFO  o.hibernate.orm.connections.pooling - HHH10001001: Connection properties: {password=****, user=user}
2023-03-07 22:16:03 [main] INFO  o.hibernate.orm.connections.pooling - HHH10001003: Autocommit mode: false
2023-03-07 22:16:03 [main] INFO  o.h.e.j.c.i.DriverManagerConnectionProviderImpl - HHH000115: Hibernate connection pool size: 20 (min=1)
2023-03-07 22:16:03 [main] INFO  org.hibernate.dialect.Dialect - HHH000400: Using dialect: org.hibernate.dialect.PostgreSQL10Dialect
2023-03-07 22:16:03 [main] DEBUG org.hibernate.SQL - drop table if exists test cascade
2023-03-07 22:16:03 [main] INFO  o.hibernate.orm.connections.access - HHH10001501: Connection obtained from JdbcConnectionAccess [org.hibernate.engine.jdbc.env.internal.JdbcEnvironmentInitiator$ConnectionProviderJdbcConnectionAccess@7d25913] for (non-JTA) DDL execution was not in auto-commit mode; the Connection 'local transaction' will be committed and the Connection will be set into auto-commit mode.
2023-03-07 22:16:03 [main] WARN  o.h.e.jdbc.spi.SqlExceptionHelper - SQL Warning Code: 0, SQLState: 00000
2023-03-07 22:16:03 [main] WARN  o.h.e.jdbc.spi.SqlExceptionHelper - table "test" does not exist, skipping
2023-03-07 22:16:03 [main] DEBUG org.hibernate.SQL - create table test (id int8 generated by default as identity, primary key (id))
2023-03-07 22:16:03 [main] INFO  o.hibernate.orm.connections.access - HHH10001501: Connection obtained from JdbcConnectionAccess [org.hibernate.engine.jdbc.env.internal.JdbcEnvironmentInitiator$ConnectionProviderJdbcConnectionAccess@c97721b] for (non-JTA) DDL execution was not in auto-commit mode; the Connection 'local transaction' will be committed and the Connection will be set into auto-commit mode.
2023-03-07 22:16:03 [main] INFO  o.h.t.s.internal.SchemaCreatorImpl - HHH000476: Executing import script 'file:/home/baker_reorients/java/hibernate-empty-list-reproducer/hibernate-orm-five/target/classes/import.sql'
2023-03-07 22:16:03 [main] DEBUG org.hibernate.SQL - DROP TABLE IF EXISTS test
2023-03-07 22:16:03 [main] DEBUG org.hibernate.SQL - CREATE TABLE IF NOT EXISTS test (id BIGINT NOT NULL, PRIMARY KEY (id))
2023-03-07 22:16:03 [main] DEBUG org.hibernate.SQL - INSERT INTO test (id) VALUES (1)
2023-03-07 22:16:03 [main] DEBUG org.hibernate.SQL - INSERT INTO test (id) VALUES (2)
2023-03-07 22:16:03 [main] DEBUG org.hibernate.SQL - INSERT INTO test (id) VALUES (3)
2023-03-07 22:16:03 [main] DEBUG org.hibernate.SQL - INSERT INTO test (id) VALUES (4)
2023-03-07 22:16:03 [main] INFO  o.h.e.t.j.p.i.JtaPlatformInitiator - HHH000490: Using JtaPlatform implementation: [org.hibernate.engine.transaction.jta.platform.internal.NoJtaPlatform]
2023-03-07 22:16:04 [main] DEBUG org.hibernate.SQL - select test0_.id as id1_0_ from test test0_ where coalesce(?) is not null or test0_.id in (?)
2023-03-07 22:16:04 [main] TRACE o.h.type.descriptor.sql.BasicBinder - binding parameter [1] as [BIGINT] - [null]
2023-03-07 22:16:04 [main] TRACE o.h.type.descriptor.sql.BasicBinder - binding parameter [2] as [BIGINT] - [null]
2023-03-07 22:16:04 [main] INFO  o.h.jpa.internal.util.LogHelper - HHH000204: Processing PersistenceUnitInfo [name: standard]
2023-03-07 22:16:04 [main] WARN  o.hibernate.orm.connections.pooling - HHH10001002: Using Hibernate built-in connection pool (not for production use!)
2023-03-07 22:16:04 [main] INFO  o.hibernate.orm.connections.pooling - HHH10001005: using driver [org.postgresql.Driver] at URL [jdbc:postgresql://localhost:32990/hibernate_orm_five]
2023-03-07 22:16:04 [main] INFO  o.hibernate.orm.connections.pooling - HHH10001001: Connection properties: {password=****, user=user}
2023-03-07 22:16:04 [main] INFO  o.hibernate.orm.connections.pooling - HHH10001003: Autocommit mode: false
2023-03-07 22:16:04 [main] INFO  o.h.e.j.c.i.DriverManagerConnectionProviderImpl - HHH000115: Hibernate connection pool size: 20 (min=1)
2023-03-07 22:16:04 [main] INFO  org.hibernate.dialect.Dialect - HHH000400: Using dialect: org.hibernate.dialect.PostgreSQL10Dialect
2023-03-07 22:16:04 [main] DEBUG org.hibernate.SQL - drop table if exists test cascade
2023-03-07 22:16:04 [main] INFO  o.hibernate.orm.connections.access - HHH10001501: Connection obtained from JdbcConnectionAccess [org.hibernate.engine.jdbc.env.internal.JdbcEnvironmentInitiator$ConnectionProviderJdbcConnectionAccess@2154652c] for (non-JTA) DDL execution was not in auto-commit mode; the Connection 'local transaction' will be committed and the Connection will be set into auto-commit mode.
2023-03-07 22:16:04 [main] DEBUG org.hibernate.SQL - create table test (id int8 generated by default as identity, primary key (id))
2023-03-07 22:16:04 [main] INFO  o.hibernate.orm.connections.access - HHH10001501: Connection obtained from JdbcConnectionAccess [org.hibernate.engine.jdbc.env.internal.JdbcEnvironmentInitiator$ConnectionProviderJdbcConnectionAccess@8b670c0] for (non-JTA) DDL execution was not in auto-commit mode; the Connection 'local transaction' will be committed and the Connection will be set into auto-commit mode.
2023-03-07 22:16:04 [main] INFO  o.h.t.s.internal.SchemaCreatorImpl - HHH000476: Executing import script 'file:/home/baker_reorients/java/hibernate-empty-list-reproducer/hibernate-orm-five/target/classes/import.sql'
2023-03-07 22:16:04 [main] DEBUG org.hibernate.SQL - DROP TABLE IF EXISTS test
2023-03-07 22:16:04 [main] DEBUG org.hibernate.SQL - CREATE TABLE IF NOT EXISTS test (id BIGINT NOT NULL, PRIMARY KEY (id))
2023-03-07 22:16:04 [main] DEBUG org.hibernate.SQL - INSERT INTO test (id) VALUES (1)
2023-03-07 22:16:04 [main] DEBUG org.hibernate.SQL - INSERT INTO test (id) VALUES (2)
2023-03-07 22:16:04 [main] DEBUG org.hibernate.SQL - INSERT INTO test (id) VALUES (3)
2023-03-07 22:16:04 [main] DEBUG org.hibernate.SQL - INSERT INTO test (id) VALUES (4)
2023-03-07 22:16:04 [main] INFO  o.h.e.t.j.p.i.JtaPlatformInitiator - HHH000490: Using JtaPlatform implementation: [org.hibernate.engine.transaction.jta.platform.internal.NoJtaPlatform]
2023-03-07 22:16:04 [main] DEBUG org.hibernate.SQL - select test0_.id as id1_0_ from test test0_ where coalesce(null) is not null or test0_.id in (null)
2023-03-07 22:16:04 [main] INFO  o.h.jpa.internal.util.LogHelper - HHH000204: Processing PersistenceUnitInfo [name: standard]
2023-03-07 22:16:04 [main] WARN  o.hibernate.orm.connections.pooling - HHH10001002: Using Hibernate built-in connection pool (not for production use!)
2023-03-07 22:16:04 [main] INFO  o.hibernate.orm.connections.pooling - HHH10001005: using driver [org.postgresql.Driver] at URL [jdbc:postgresql://localhost:32990/hibernate_orm_five]
2023-03-07 22:16:04 [main] INFO  o.hibernate.orm.connections.pooling - HHH10001001: Connection properties: {password=****, user=user}
2023-03-07 22:16:04 [main] INFO  o.hibernate.orm.connections.pooling - HHH10001003: Autocommit mode: false
2023-03-07 22:16:04 [main] INFO  o.h.e.j.c.i.DriverManagerConnectionProviderImpl - HHH000115: Hibernate connection pool size: 20 (min=1)
2023-03-07 22:16:04 [main] INFO  org.hibernate.dialect.Dialect - HHH000400: Using dialect: org.hibernate.dialect.PostgreSQL10Dialect
2023-03-07 22:16:04 [main] DEBUG org.hibernate.SQL - drop table if exists test cascade
2023-03-07 22:16:04 [main] INFO  o.hibernate.orm.connections.access - HHH10001501: Connection obtained from JdbcConnectionAccess [org.hibernate.engine.jdbc.env.internal.JdbcEnvironmentInitiator$ConnectionProviderJdbcConnectionAccess@113eed88] for (non-JTA) DDL execution was not in auto-commit mode; the Connection 'local transaction' will be committed and the Connection will be set into auto-commit mode.
2023-03-07 22:16:04 [main] DEBUG org.hibernate.SQL - create table test (id int8 generated by default as identity, primary key (id))
2023-03-07 22:16:04 [main] INFO  o.hibernate.orm.connections.access - HHH10001501: Connection obtained from JdbcConnectionAccess [org.hibernate.engine.jdbc.env.internal.JdbcEnvironmentInitiator$ConnectionProviderJdbcConnectionAccess@5f0677f3] for (non-JTA) DDL execution was not in auto-commit mode; the Connection 'local transaction' will be committed and the Connection will be set into auto-commit mode.
2023-03-07 22:16:04 [main] INFO  o.h.t.s.internal.SchemaCreatorImpl - HHH000476: Executing import script 'file:/home/baker_reorients/java/hibernate-empty-list-reproducer/hibernate-orm-five/target/classes/import.sql'
2023-03-07 22:16:04 [main] DEBUG org.hibernate.SQL - DROP TABLE IF EXISTS test
2023-03-07 22:16:04 [main] DEBUG org.hibernate.SQL - CREATE TABLE IF NOT EXISTS test (id BIGINT NOT NULL, PRIMARY KEY (id))
2023-03-07 22:16:04 [main] DEBUG org.hibernate.SQL - INSERT INTO test (id) VALUES (1)
2023-03-07 22:16:04 [main] DEBUG org.hibernate.SQL - INSERT INTO test (id) VALUES (2)
2023-03-07 22:16:04 [main] DEBUG org.hibernate.SQL - INSERT INTO test (id) VALUES (3)
2023-03-07 22:16:04 [main] DEBUG org.hibernate.SQL - INSERT INTO test (id) VALUES (4)
2023-03-07 22:16:04 [main] INFO  o.h.e.t.j.p.i.JtaPlatformInitiator - HHH000490: Using JtaPlatform implementation: [org.hibernate.engine.transaction.jta.platform.internal.NoJtaPlatform]
2023-03-07 22:16:04 [main] DEBUG org.hibernate.SQL - select test0_.id as id1_0_ from test test0_ where coalesce(?, ?, ?) is not null or test0_.id in (? , ? , ?)
2023-03-07 22:16:04 [main] TRACE o.h.type.descriptor.sql.BasicBinder - binding parameter [1] as [BIGINT] - [1]
2023-03-07 22:16:04 [main] TRACE o.h.type.descriptor.sql.BasicBinder - binding parameter [2] as [BIGINT] - [2]
2023-03-07 22:16:04 [main] TRACE o.h.type.descriptor.sql.BasicBinder - binding parameter [3] as [BIGINT] - [3]
2023-03-07 22:16:04 [main] TRACE o.h.type.descriptor.sql.BasicBinder - binding parameter [4] as [BIGINT] - [1]
2023-03-07 22:16:04 [main] TRACE o.h.type.descriptor.sql.BasicBinder - binding parameter [5] as [BIGINT] - [2]
2023-03-07 22:16:04 [main] TRACE o.h.type.descriptor.sql.BasicBinder - binding parameter [6] as [BIGINT] - [3]
[INFO] Tests run: 3, Failures: 0, Errors: 0, Skipped: 0, Time elapsed: 11.195 s - in se.agreedskiing.hibernate.list.hibernate.five.ApplicationTest
[INFO] 
[INFO] Results:
[INFO] 
[INFO] Tests run: 3, Failures: 0, Errors: 0, Skipped: 0
[INFO] 
[INFO] 
[INFO] ----------< se.agreedskiing.hibernate.list:hibernate-orm-six >----------
[INFO] Building Hibernate ORM 6 1.0.0-SNAPSHOT                            [3/4]
[INFO] --------------------------------[ jar ]---------------------------------
[INFO] 
[INFO] --- maven-clean-plugin:2.5:clean (default-clean) @ hibernate-orm-six ---
[INFO] Deleting /home/baker_reorients/java/hibernate-empty-list-reproducer/hibernate-orm-six/target
[INFO] 
[INFO] --- maven-resources-plugin:2.6:resources (default-resources) @ hibernate-orm-six ---
[INFO] Using 'UTF-8' encoding to copy filtered resources.
[INFO] Copying 3 resources
[INFO] 
[INFO] --- maven-compiler-plugin:3.10.1:compile (default-compile) @ hibernate-orm-six ---
[INFO] Changes detected - recompiling the module!
[INFO] Compiling 2 source files to /home/baker_reorients/java/hibernate-empty-list-reproducer/hibernate-orm-six/target/classes
[INFO] 
[INFO] --- maven-resources-plugin:2.6:testResources (default-testResources) @ hibernate-orm-six ---
[INFO] Using 'UTF-8' encoding to copy filtered resources.
[INFO] skip non existing resourceDirectory /home/baker_reorients/java/hibernate-empty-list-reproducer/hibernate-orm-six/src/test/resources
[INFO] 
[INFO] --- maven-compiler-plugin:3.10.1:testCompile (default-testCompile) @ hibernate-orm-six ---
[INFO] Changes detected - recompiling the module!
[INFO] Compiling 3 source files to /home/baker_reorients/java/hibernate-empty-list-reproducer/hibernate-orm-six/target/test-classes
[INFO] 
[INFO] --- maven-surefire-plugin:3.0.0-M9:test (default-test) @ hibernate-orm-six ---
[INFO] Using auto detected provider org.apache.maven.surefire.junitplatform.JUnitPlatformProvider
[INFO] 
[INFO] -------------------------------------------------------
[INFO]  T E S T S
[INFO] -------------------------------------------------------
[INFO] Running se.agreedskiing.hibernate.list.hibernate.six.ApplicationTest
2023-03-07 22:16:07 [main] INFO  o.t.utility.ImageNameSubstitutor - Image name substitution will be performed by: DefaultImageNameSubstitutor (composite of 'ConfigurationFileImageNameSubstitutor' and 'PrefixingImageNameSubstitutor')
2023-03-07 22:16:07 [main] INFO  o.t.d.DockerClientProviderStrategy - Loaded org.testcontainers.dockerclient.UnixSocketClientProviderStrategy from ~/.testcontainers.properties, will try it first
2023-03-07 22:16:07 [main] INFO  o.t.d.DockerClientProviderStrategy - Found Docker environment with local Unix socket (unix:///var/run/docker.sock)
2023-03-07 22:16:07 [main] INFO  o.testcontainers.DockerClientFactory - Docker host IP address is localhost
2023-03-07 22:16:07 [main] INFO  o.testcontainers.DockerClientFactory - Connected to docker: 
  Server Version: 23.0.1
  API Version: 1.42
  Operating System: Ubuntu 20.04.5 LTS
  Total Memory: 7887 MB
2023-03-07 22:16:07 [main] INFO  üê≥ [testcontainers/ryuk:0.3.4] - Creating container for image: testcontainers/ryuk:0.3.4
2023-03-07 22:16:07 [main] INFO  o.t.utility.RegistryAuthLocator - Failure when attempting to lookup auth config. Please ignore if you don't have images in an authenticated registry. Details: (dockerImageName: testcontainers/ryuk:0.3.4, configFile: /home/baker_reorients/.docker/config.json. Falling back to docker-java default behaviour. Exception message: /home/baker_reorients/.docker/config.json (No such file or directory)
2023-03-07 22:16:08 [main] INFO  üê≥ [testcontainers/ryuk:0.3.4] - Container testcontainers/ryuk:0.3.4 is starting: bb84729f45efd2de4ddd2a18ab42d8b6179d0b48246674d41b2371af2fd45380
2023-03-07 22:16:09 [main] INFO  üê≥ [testcontainers/ryuk:0.3.4] - Container testcontainers/ryuk:0.3.4 started in PT1.9781489S
2023-03-07 22:16:09 [main] INFO  o.t.utility.RyukResourceReaper - Ryuk started - will monitor and terminate Testcontainers containers on JVM exit
2023-03-07 22:16:09 [main] INFO  o.testcontainers.DockerClientFactory - Checking the system...
2023-03-07 22:16:09 [main] INFO  o.testcontainers.DockerClientFactory - ‚úîÔ∏é Docker server version should be at least 1.6.0
2023-03-07 22:16:09 [main] INFO  üê≥ [postgres:14.0-alpine] - Creating container for image: postgres:14.0-alpine
2023-03-07 22:16:10 [main] INFO  üê≥ [postgres:14.0-alpine] - Container postgres:14.0-alpine is starting: 8d6d37b6478c9f97aa6b67220dfa348c26b872766c784426666192df8ce056e1
2023-03-07 22:16:14 [main] INFO  üê≥ [postgres:14.0-alpine] - Container postgres:14.0-alpine started in PT4.524259602S
2023-03-07 22:16:14 [main] INFO  o.h.jpa.internal.util.LogHelper - HHH000204: Processing PersistenceUnitInfo [name: standard]
2023-03-07 22:16:14 [main] INFO  org.hibernate.Version - HHH000412: Hibernate ORM core version 6.1.7.Final
2023-03-07 22:16:14 [main] WARN  o.hibernate.orm.connections.pooling - HHH10001002: Using built-in connection pool (not intended for production use)
2023-03-07 22:16:14 [main] INFO  o.hibernate.orm.connections.pooling - HHH10001005: Loaded JDBC driver class: org.postgresql.Driver
2023-03-07 22:16:14 [main] INFO  o.hibernate.orm.connections.pooling - HHH10001012: Connecting with JDBC URL [jdbc:postgresql://localhost:32992/hibernate_orm_six]
2023-03-07 22:16:14 [main] INFO  o.hibernate.orm.connections.pooling - HHH10001001: Connection properties: {password=****, user=user}
2023-03-07 22:16:14 [main] INFO  o.hibernate.orm.connections.pooling - HHH10001003: Autocommit mode: false
2023-03-07 22:16:14 [main] INFO  o.hibernate.orm.connections.pooling - HHH10001115: Connection pool size: 20 (min=1)
2023-03-07 22:16:15 [main] INFO  SQL dialect - HHH000400: Using dialect: org.hibernate.dialect.PostgreSQLDialect
2023-03-07 22:16:15 [main] DEBUG org.hibernate.SQL - drop table if exists test cascade
2023-03-07 22:16:15 [main] INFO  o.hibernate.orm.connections.access - HHH10001501: Connection obtained from JdbcConnectionAccess [org.hibernate.engine.jdbc.env.internal.JdbcEnvironmentInitiator$ConnectionProviderJdbcConnectionAccess@3f357c9d] for (non-JTA) DDL execution was not in auto-commit mode; the Connection 'local transaction' will be committed and the Connection will be set into auto-commit mode.
2023-03-07 22:16:15 [main] WARN  o.h.e.jdbc.spi.SqlExceptionHelper - SQL Warning Code: 0, SQLState: 00000
2023-03-07 22:16:15 [main] WARN  o.h.e.jdbc.spi.SqlExceptionHelper - table "test" does not exist, skipping
2023-03-07 22:16:15 [main] DEBUG org.hibernate.SQL - create table test (id bigserial not null, primary key (id))
2023-03-07 22:16:15 [main] INFO  o.hibernate.orm.connections.access - HHH10001501: Connection obtained from JdbcConnectionAccess [org.hibernate.engine.jdbc.env.internal.JdbcEnvironmentInitiator$ConnectionProviderJdbcConnectionAccess@23b71d24] for (non-JTA) DDL execution was not in auto-commit mode; the Connection 'local transaction' will be committed and the Connection will be set into auto-commit mode.
2023-03-07 22:16:15 [main] INFO  o.h.t.s.internal.SchemaCreatorImpl - HHH000476: Executing import script 'file:/home/baker_reorients/java/hibernate-empty-list-reproducer/hibernate-orm-six/target/classes/import.sql'
2023-03-07 22:16:15 [main] DEBUG org.hibernate.SQL - DROP TABLE IF EXISTS test
2023-03-07 22:16:15 [main] DEBUG org.hibernate.SQL - CREATE TABLE IF NOT EXISTS test (id BIGINT NOT NULL, PRIMARY KEY (id))
2023-03-07 22:16:15 [main] DEBUG org.hibernate.SQL - INSERT INTO test (id) VALUES (1)
2023-03-07 22:16:15 [main] DEBUG org.hibernate.SQL - INSERT INTO test (id) VALUES (2)
2023-03-07 22:16:15 [main] DEBUG org.hibernate.SQL - INSERT INTO test (id) VALUES (3)
2023-03-07 22:16:15 [main] DEBUG org.hibernate.SQL - INSERT INTO test (id) VALUES (4)
2023-03-07 22:16:15 [main] INFO  o.h.e.t.j.p.i.JtaPlatformInitiator - HHH000490: Using JtaPlatform implementation: [org.hibernate.engine.transaction.jta.platform.internal.NoJtaPlatform]
2023-03-07 22:16:16 [main] DEBUG org.hibernate.SQL - select t1_0.id from test t1_0 where (coalesce(?,null) is not null or t1_0.id in(?))
2023-03-07 22:16:16 [main] INFO  o.h.jpa.internal.util.LogHelper - HHH000204: Processing PersistenceUnitInfo [name: standard]
2023-03-07 22:16:16 [main] WARN  o.hibernate.orm.connections.pooling - HHH10001002: Using built-in connection pool (not intended for production use)
2023-03-07 22:16:16 [main] INFO  o.hibernate.orm.connections.pooling - HHH10001005: Loaded JDBC driver class: org.postgresql.Driver
2023-03-07 22:16:16 [main] INFO  o.hibernate.orm.connections.pooling - HHH10001012: Connecting with JDBC URL [jdbc:postgresql://localhost:32992/hibernate_orm_six]
2023-03-07 22:16:16 [main] INFO  o.hibernate.orm.connections.pooling - HHH10001001: Connection properties: {password=****, user=user}
2023-03-07 22:16:16 [main] INFO  o.hibernate.orm.connections.pooling - HHH10001003: Autocommit mode: false
2023-03-07 22:16:16 [main] INFO  o.hibernate.orm.connections.pooling - HHH10001115: Connection pool size: 20 (min=1)
2023-03-07 22:16:16 [main] INFO  SQL dialect - HHH000400: Using dialect: org.hibernate.dialect.PostgreSQLDialect
2023-03-07 22:16:16 [main] DEBUG org.hibernate.SQL - drop table if exists test cascade
2023-03-07 22:16:16 [main] INFO  o.hibernate.orm.connections.access - HHH10001501: Connection obtained from JdbcConnectionAccess [org.hibernate.engine.jdbc.env.internal.JdbcEnvironmentInitiator$ConnectionProviderJdbcConnectionAccess@18f27a81] for (non-JTA) DDL execution was not in auto-commit mode; the Connection 'local transaction' will be committed and the Connection will be set into auto-commit mode.
2023-03-07 22:16:16 [main] DEBUG org.hibernate.SQL - create table test (id bigserial not null, primary key (id))
2023-03-07 22:16:16 [main] INFO  o.hibernate.orm.connections.access - HHH10001501: Connection obtained from JdbcConnectionAccess [org.hibernate.engine.jdbc.env.internal.JdbcEnvironmentInitiator$ConnectionProviderJdbcConnectionAccess@624494d4] for (non-JTA) DDL execution was not in auto-commit mode; the Connection 'local transaction' will be committed and the Connection will be set into auto-commit mode.
2023-03-07 22:16:16 [main] INFO  o.h.t.s.internal.SchemaCreatorImpl - HHH000476: Executing import script 'file:/home/baker_reorients/java/hibernate-empty-list-reproducer/hibernate-orm-six/target/classes/import.sql'
2023-03-07 22:16:16 [main] DEBUG org.hibernate.SQL - DROP TABLE IF EXISTS test
2023-03-07 22:16:16 [main] DEBUG org.hibernate.SQL - CREATE TABLE IF NOT EXISTS test (id BIGINT NOT NULL, PRIMARY KEY (id))
2023-03-07 22:16:16 [main] DEBUG org.hibernate.SQL - INSERT INTO test (id) VALUES (1)
2023-03-07 22:16:16 [main] DEBUG org.hibernate.SQL - INSERT INTO test (id) VALUES (2)
2023-03-07 22:16:16 [main] DEBUG org.hibernate.SQL - INSERT INTO test (id) VALUES (3)
2023-03-07 22:16:16 [main] DEBUG org.hibernate.SQL - INSERT INTO test (id) VALUES (4)
2023-03-07 22:16:16 [main] INFO  o.h.e.t.j.p.i.JtaPlatformInitiator - HHH000490: Using JtaPlatform implementation: [org.hibernate.engine.transaction.jta.platform.internal.NoJtaPlatform]
2023-03-07 22:16:16 [main] INFO  o.h.jpa.internal.util.LogHelper - HHH000204: Processing PersistenceUnitInfo [name: standard]
2023-03-07 22:16:16 [main] WARN  o.hibernate.orm.connections.pooling - HHH10001002: Using built-in connection pool (not intended for production use)
2023-03-07 22:16:16 [main] INFO  o.hibernate.orm.connections.pooling - HHH10001005: Loaded JDBC driver class: org.postgresql.Driver
2023-03-07 22:16:16 [main] INFO  o.hibernate.orm.connections.pooling - HHH10001012: Connecting with JDBC URL [jdbc:postgresql://localhost:32992/hibernate_orm_six]
2023-03-07 22:16:16 [main] INFO  o.hibernate.orm.connections.pooling - HHH10001001: Connection properties: {password=****, user=user}
2023-03-07 22:16:16 [main] INFO  o.hibernate.orm.connections.pooling - HHH10001003: Autocommit mode: false
2023-03-07 22:16:16 [main] INFO  o.hibernate.orm.connections.pooling - HHH10001115: Connection pool size: 20 (min=1)
2023-03-07 22:16:16 [main] INFO  SQL dialect - HHH000400: Using dialect: org.hibernate.dialect.PostgreSQLDialect
2023-03-07 22:16:16 [main] DEBUG org.hibernate.SQL - drop table if exists test cascade
2023-03-07 22:16:16 [main] INFO  o.hibernate.orm.connections.access - HHH10001501: Connection obtained from JdbcConnectionAccess [org.hibernate.engine.jdbc.env.internal.JdbcEnvironmentInitiator$ConnectionProviderJdbcConnectionAccess@40c6d1ef] for (non-JTA) DDL execution was not in auto-commit mode; the Connection 'local transaction' will be committed and the Connection will be set into auto-commit mode.
2023-03-07 22:16:16 [main] DEBUG org.hibernate.SQL - create table test (id bigserial not null, primary key (id))
2023-03-07 22:16:16 [main] INFO  o.hibernate.orm.connections.access - HHH10001501: Connection obtained from JdbcConnectionAccess [org.hibernate.engine.jdbc.env.internal.JdbcEnvironmentInitiator$ConnectionProviderJdbcConnectionAccess@6f4029e9] for (non-JTA) DDL execution was not in auto-commit mode; the Connection 'local transaction' will be committed and the Connection will be set into auto-commit mode.
2023-03-07 22:16:16 [main] INFO  o.h.t.s.internal.SchemaCreatorImpl - HHH000476: Executing import script 'file:/home/baker_reorients/java/hibernate-empty-list-reproducer/hibernate-orm-six/target/classes/import.sql'
2023-03-07 22:16:16 [main] DEBUG org.hibernate.SQL - DROP TABLE IF EXISTS test
2023-03-07 22:16:16 [main] DEBUG org.hibernate.SQL - CREATE TABLE IF NOT EXISTS test (id BIGINT NOT NULL, PRIMARY KEY (id))
2023-03-07 22:16:16 [main] DEBUG org.hibernate.SQL - INSERT INTO test (id) VALUES (1)
2023-03-07 22:16:16 [main] DEBUG org.hibernate.SQL - INSERT INTO test (id) VALUES (2)
2023-03-07 22:16:16 [main] DEBUG org.hibernate.SQL - INSERT INTO test (id) VALUES (3)
2023-03-07 22:16:16 [main] DEBUG org.hibernate.SQL - INSERT INTO test (id) VALUES (4)
2023-03-07 22:16:16 [main] INFO  o.h.e.t.j.p.i.JtaPlatformInitiator - HHH000490: Using JtaPlatform implementation: [org.hibernate.engine.transaction.jta.platform.internal.NoJtaPlatform]
[ERROR] Tests run: 3, Failures: 2, Errors: 0, Skipped: 0, Time elapsed: 11.621 s <<< FAILURE! - in se.agreedskiing.hibernate.list.hibernate.six.ApplicationTest
[ERROR] se.agreedskiing.hibernate.list.hibernate.six.ApplicationTest.get_an_empty_list  Time elapsed: 0.097 s  <<< FAILURE!
org.opentest4j.AssertionFailedError: Query failed with an exception instead of working
	at org.junit.jupiter.api.AssertionUtils.fail(AssertionUtils.java:42)
	at org.junit.jupiter.api.Assertions.fail(Assertions.java:147)
	at se.agreedskiing.hibernate.list.hibernate.six.ApplicationTest.get_an_empty_list(ApplicationTest.java:39)
	at java.base/jdk.internal.reflect.NativeMethodAccessorImpl.invoke0(Native Method)
	at java.base/jdk.internal.reflect.NativeMethodAccessorImpl.invoke(NativeMethodAccessorImpl.java:77)
	at java.base/jdk.internal.reflect.DelegatingMethodAccessorImpl.invoke(DelegatingMethodAccessorImpl.java:43)
	at java.base/java.lang.reflect.Method.invoke(Method.java:568)
	at org.junit.platform.commons.util.ReflectionUtils.invokeMethod(ReflectionUtils.java:727)
	at org.junit.jupiter.engine.execution.MethodInvocation.proceed(MethodInvocation.java:60)
	at org.junit.jupiter.engine.execution.InvocationInterceptorChain$ValidatingInvocation.proceed(InvocationInterceptorChain.java:131)
	at org.junit.jupiter.engine.extension.TimeoutExtension.intercept(TimeoutExtension.java:156)
	at org.junit.jupiter.engine.extension.TimeoutExtension.interceptTestableMethod(TimeoutExtension.java:147)
	at org.junit.jupiter.engine.extension.TimeoutExtension.interceptTestMethod(TimeoutExtension.java:86)
	at org.junit.jupiter.engine.execution.InterceptingExecutableInvoker$ReflectiveInterceptorCall.lambda$ofVoidMethod$0(InterceptingExecutableInvoker.java:103)
	at org.junit.jupiter.engine.execution.InterceptingExecutableInvoker.lambda$invoke$0(InterceptingExecutableInvoker.java:93)
	at org.junit.jupiter.engine.execution.InvocationInterceptorChain$InterceptedInvocation.proceed(InvocationInterceptorChain.java:106)
	at org.junit.jupiter.engine.execution.InvocationInterceptorChain.proceed(InvocationInterceptorChain.java:64)
	at org.junit.jupiter.engine.execution.InvocationInterceptorChain.chainAndInvoke(InvocationInterceptorChain.java:45)
	at org.junit.jupiter.engine.execution.InvocationInterceptorChain.invoke(InvocationInterceptorChain.java:37)
	at org.junit.jupiter.engine.execution.InterceptingExecutableInvoker.invoke(InterceptingExecutableInvoker.java:92)
	at org.junit.jupiter.engine.execution.InterceptingExecutableInvoker.invoke(InterceptingExecutableInvoker.java:86)
	at org.junit.jupiter.engine.descriptor.TestMethodTestDescriptor.lambda$invokeTestMethod$7(TestMethodTestDescriptor.java:217)
	at org.junit.platform.engine.support.hierarchical.ThrowableCollector.execute(ThrowableCollector.java:73)
	at org.junit.jupiter.engine.descriptor.TestMethodTestDescriptor.invokeTestMethod(TestMethodTestDescriptor.java:213)
	at org.junit.jupiter.engine.descriptor.TestMethodTestDescriptor.execute(TestMethodTestDescriptor.java:138)
	at org.junit.jupiter.engine.descriptor.TestMethodTestDescriptor.execute(TestMethodTestDescriptor.java:68)
	at org.junit.platform.engine.support.hierarchical.NodeTestTask.lambda$executeRecursively$6(NodeTestTask.java:151)
	at org.junit.platform.engine.support.hierarchical.ThrowableCollector.execute(ThrowableCollector.java:73)
	at org.junit.platform.engine.support.hierarchical.NodeTestTask.lambda$executeRecursively$8(NodeTestTask.java:141)
	at org.junit.platform.engine.support.hierarchical.Node.around(Node.java:137)
	at org.junit.platform.engine.support.hierarchical.NodeTestTask.lambda$executeRecursively$9(NodeTestTask.java:139)
	at org.junit.platform.engine.support.hierarchical.ThrowableCollector.execute(ThrowableCollector.java:73)
	at org.junit.platform.engine.support.hierarchical.NodeTestTask.executeRecursively(NodeTestTask.java:138)
	at org.junit.platform.engine.support.hierarchical.NodeTestTask.execute(NodeTestTask.java:95)
	at java.base/java.util.ArrayList.forEach(ArrayList.java:1511)
	at org.junit.platform.engine.support.hierarchical.SameThreadHierarchicalTestExecutorService.invokeAll(SameThreadHierarchicalTestExecutorService.java:41)
	at org.junit.platform.engine.support.hierarchical.NodeTestTask.lambda$executeRecursively$6(NodeTestTask.java:155)
	at org.junit.platform.engine.support.hierarchical.ThrowableCollector.execute(ThrowableCollector.java:73)
	at org.junit.platform.engine.support.hierarchical.NodeTestTask.lambda$executeRecursively$8(NodeTestTask.java:141)
	at org.junit.platform.engine.support.hierarchical.Node.around(Node.java:137)
	at org.junit.platform.engine.support.hierarchical.NodeTestTask.lambda$executeRecursively$9(NodeTestTask.java:139)
	at org.junit.platform.engine.support.hierarchical.ThrowableCollector.execute(ThrowableCollector.java:73)
	at org.junit.platform.engine.support.hierarchical.NodeTestTask.executeRecursively(NodeTestTask.java:138)
	at org.junit.platform.engine.support.hierarchical.NodeTestTask.execute(NodeTestTask.java:95)
	at java.base/java.util.ArrayList.forEach(ArrayList.java:1511)
	at org.junit.platform.engine.support.hierarchical.SameThreadHierarchicalTestExecutorService.invokeAll(SameThreadHierarchicalTestExecutorService.java:41)
	at org.junit.platform.engine.support.hierarchical.NodeTestTask.lambda$executeRecursively$6(NodeTestTask.java:155)
	at org.junit.platform.engine.support.hierarchical.ThrowableCollector.execute(ThrowableCollector.java:73)
	at org.junit.platform.engine.support.hierarchical.NodeTestTask.lambda$executeRecursively$8(NodeTestTask.java:141)
	at org.junit.platform.engine.support.hierarchical.Node.around(Node.java:137)
	at org.junit.platform.engine.support.hierarchical.NodeTestTask.lambda$executeRecursively$9(NodeTestTask.java:139)
	at org.junit.platform.engine.support.hierarchical.ThrowableCollector.execute(ThrowableCollector.java:73)
	at org.junit.platform.engine.support.hierarchical.NodeTestTask.executeRecursively(NodeTestTask.java:138)
	at org.junit.platform.engine.support.hierarchical.NodeTestTask.execute(NodeTestTask.java:95)
	at org.junit.platform.engine.support.hierarchical.SameThreadHierarchicalTestExecutorService.submit(SameThreadHierarchicalTestExecutorService.java:35)
	at org.junit.platform.engine.support.hierarchical.HierarchicalTestExecutor.execute(HierarchicalTestExecutor.java:57)
	at org.junit.platform.engine.support.hierarchical.HierarchicalTestEngine.execute(HierarchicalTestEngine.java:54)
	at org.junit.platform.launcher.core.EngineExecutionOrchestrator.execute(EngineExecutionOrchestrator.java:147)
	at org.junit.platform.launcher.core.EngineExecutionOrchestrator.execute(EngineExecutionOrchestrator.java:127)
	at org.junit.platform.launcher.core.EngineExecutionOrchestrator.execute(EngineExecutionOrchestrator.java:90)
	at org.junit.platform.launcher.core.EngineExecutionOrchestrator.lambda$execute$0(EngineExecutionOrchestrator.java:55)
	at org.junit.platform.launcher.core.EngineExecutionOrchestrator.withInterceptedStreams(EngineExecutionOrchestrator.java:102)
	at org.junit.platform.launcher.core.EngineExecutionOrchestrator.execute(EngineExecutionOrchestrator.java:54)
	at org.junit.platform.launcher.core.DefaultLauncher.execute(DefaultLauncher.java:114)
	at org.junit.platform.launcher.core.DefaultLauncher.execute(DefaultLauncher.java:86)
	at org.junit.platform.launcher.core.DefaultLauncherSession$DelegatingLauncher.execute(DefaultLauncherSession.java:86)
	at org.apache.maven.surefire.junitplatform.LazyLauncher.execute(LazyLauncher.java:55)
	at org.apache.maven.surefire.junitplatform.JUnitPlatformProvider.execute(JUnitPlatformProvider.java:223)
	at org.apache.maven.surefire.junitplatform.JUnitPlatformProvider.invokeAllTests(JUnitPlatformProvider.java:175)
	at org.apache.maven.surefire.junitplatform.JUnitPlatformProvider.invoke(JUnitPlatformProvider.java:139)
	at org.apache.maven.surefire.booter.ForkedBooter.runSuitesInProcess(ForkedBooter.java:456)
	at org.apache.maven.surefire.booter.ForkedBooter.execute(ForkedBooter.java:169)
	at org.apache.maven.surefire.booter.ForkedBooter.run(ForkedBooter.java:595)
	at org.apache.maven.surefire.booter.ForkedBooter.main(ForkedBooter.java:581)
Caused by: java.util.NoSuchElementException
	at java.base/java.util.Collections$EmptyIterator.next(Collections.java:4310)
	at org.hibernate.query.sqm.internal.SqmUtil.createJdbcParameterBindings(SqmUtil.java:252)
	at org.hibernate.query.sqm.internal.ConcreteSqmSelectQueryPlan.buildCacheableSqmInterpretation(ConcreteSqmSelectQueryPlan.java:393)
	at org.hibernate.query.sqm.internal.ConcreteSqmSelectQueryPlan.withCacheableSqmInterpretation(ConcreteSqmSelectQueryPlan.java:300)
	at org.hibernate.query.sqm.internal.ConcreteSqmSelectQueryPlan.performList(ConcreteSqmSelectQueryPlan.java:276)
	at org.hibernate.query.sqm.internal.QuerySqmImpl.doList(QuerySqmImpl.java:571)
	at org.hibernate.query.spi.AbstractSelectionQuery.list(AbstractSelectionQuery.java:363)
	at org.hibernate.query.sqm.internal.QuerySqmImpl.list(QuerySqmImpl.java:1073)
	at org.hibernate.query.Query.getResultList(Query.java:94)
	at se.agreedskiing.hibernate.list.hibernate.six.Application.query(Application.java:49)
	at se.agreedskiing.hibernate.list.hibernate.six.Application.listEmpty(Application.java:34)
	at se.agreedskiing.hibernate.list.hibernate.six.ApplicationTest.get_an_empty_list(ApplicationTest.java:36)
	... 71 more

[ERROR] se.agreedskiing.hibernate.list.hibernate.six.ApplicationTest.get_a_list_containt_values  Time elapsed: 0.112 s  <<< FAILURE!
org.opentest4j.AssertionFailedError: Query failed with an exception instead of working
	at org.junit.jupiter.api.AssertionUtils.fail(AssertionUtils.java:42)
	at org.junit.jupiter.api.Assertions.fail(Assertions.java:147)
	at se.agreedskiing.hibernate.list.hibernate.six.ApplicationTest.get_a_list_containt_values(ApplicationTest.java:29)
	at java.base/jdk.internal.reflect.NativeMethodAccessorImpl.invoke0(Native Method)
	at java.base/jdk.internal.reflect.NativeMethodAccessorImpl.invoke(NativeMethodAccessorImpl.java:77)
	at java.base/jdk.internal.reflect.DelegatingMethodAccessorImpl.invoke(DelegatingMethodAccessorImpl.java:43)
	at java.base/java.lang.reflect.Method.invoke(Method.java:568)
	at org.junit.platform.commons.util.ReflectionUtils.invokeMethod(ReflectionUtils.java:727)
	at org.junit.jupiter.engine.execution.MethodInvocation.proceed(MethodInvocation.java:60)
	at org.junit.jupiter.engine.execution.InvocationInterceptorChain$ValidatingInvocation.proceed(InvocationInterceptorChain.java:131)
	at org.junit.jupiter.engine.extension.TimeoutExtension.intercept(TimeoutExtension.java:156)
	at org.junit.jupiter.engine.extension.TimeoutExtension.interceptTestableMethod(TimeoutExtension.java:147)
	at org.junit.jupiter.engine.extension.TimeoutExtension.interceptTestMethod(TimeoutExtension.java:86)
	at org.junit.jupiter.engine.execution.InterceptingExecutableInvoker$ReflectiveInterceptorCall.lambda$ofVoidMethod$0(InterceptingExecutableInvoker.java:103)
	at org.junit.jupiter.engine.execution.InterceptingExecutableInvoker.lambda$invoke$0(InterceptingExecutableInvoker.java:93)
	at org.junit.jupiter.engine.execution.InvocationInterceptorChain$InterceptedInvocation.proceed(InvocationInterceptorChain.java:106)
	at org.junit.jupiter.engine.execution.InvocationInterceptorChain.proceed(InvocationInterceptorChain.java:64)
	at org.junit.jupiter.engine.execution.InvocationInterceptorChain.chainAndInvoke(InvocationInterceptorChain.java:45)
	at org.junit.jupiter.engine.execution.InvocationInterceptorChain.invoke(InvocationInterceptorChain.java:37)
	at org.junit.jupiter.engine.execution.InterceptingExecutableInvoker.invoke(InterceptingExecutableInvoker.java:92)
	at org.junit.jupiter.engine.execution.InterceptingExecutableInvoker.invoke(InterceptingExecutableInvoker.java:86)
	at org.junit.jupiter.engine.descriptor.TestMethodTestDescriptor.lambda$invokeTestMethod$7(TestMethodTestDescriptor.java:217)
	at org.junit.platform.engine.support.hierarchical.ThrowableCollector.execute(ThrowableCollector.java:73)
	at org.junit.jupiter.engine.descriptor.TestMethodTestDescriptor.invokeTestMethod(TestMethodTestDescriptor.java:213)
	at org.junit.jupiter.engine.descriptor.TestMethodTestDescriptor.execute(TestMethodTestDescriptor.java:138)
	at org.junit.jupiter.engine.descriptor.TestMethodTestDescriptor.execute(TestMethodTestDescriptor.java:68)
	at org.junit.platform.engine.support.hierarchical.NodeTestTask.lambda$executeRecursively$6(NodeTestTask.java:151)
	at org.junit.platform.engine.support.hierarchical.ThrowableCollector.execute(ThrowableCollector.java:73)
	at org.junit.platform.engine.support.hierarchical.NodeTestTask.lambda$executeRecursively$8(NodeTestTask.java:141)
	at org.junit.platform.engine.support.hierarchical.Node.around(Node.java:137)
	at org.junit.platform.engine.support.hierarchical.NodeTestTask.lambda$executeRecursively$9(NodeTestTask.java:139)
	at org.junit.platform.engine.support.hierarchical.ThrowableCollector.execute(ThrowableCollector.java:73)
	at org.junit.platform.engine.support.hierarchical.NodeTestTask.executeRecursively(NodeTestTask.java:138)
	at org.junit.platform.engine.support.hierarchical.NodeTestTask.execute(NodeTestTask.java:95)
	at java.base/java.util.ArrayList.forEach(ArrayList.java:1511)
	at org.junit.platform.engine.support.hierarchical.SameThreadHierarchicalTestExecutorService.invokeAll(SameThreadHierarchicalTestExecutorService.java:41)
	at org.junit.platform.engine.support.hierarchical.NodeTestTask.lambda$executeRecursively$6(NodeTestTask.java:155)
	at org.junit.platform.engine.support.hierarchical.ThrowableCollector.execute(ThrowableCollector.java:73)
	at org.junit.platform.engine.support.hierarchical.NodeTestTask.lambda$executeRecursively$8(NodeTestTask.java:141)
	at org.junit.platform.engine.support.hierarchical.Node.around(Node.java:137)
	at org.junit.platform.engine.support.hierarchical.NodeTestTask.lambda$executeRecursively$9(NodeTestTask.java:139)
	at org.junit.platform.engine.support.hierarchical.ThrowableCollector.execute(ThrowableCollector.java:73)
	at org.junit.platform.engine.support.hierarchical.NodeTestTask.executeRecursively(NodeTestTask.java:138)
	at org.junit.platform.engine.support.hierarchical.NodeTestTask.execute(NodeTestTask.java:95)
	at java.base/java.util.ArrayList.forEach(ArrayList.java:1511)
	at org.junit.platform.engine.support.hierarchical.SameThreadHierarchicalTestExecutorService.invokeAll(SameThreadHierarchicalTestExecutorService.java:41)
	at org.junit.platform.engine.support.hierarchical.NodeTestTask.lambda$executeRecursively$6(NodeTestTask.java:155)
	at org.junit.platform.engine.support.hierarchical.ThrowableCollector.execute(ThrowableCollector.java:73)
	at org.junit.platform.engine.support.hierarchical.NodeTestTask.lambda$executeRecursively$8(NodeTestTask.java:141)
	at org.junit.platform.engine.support.hierarchical.Node.around(Node.java:137)
	at org.junit.platform.engine.support.hierarchical.NodeTestTask.lambda$executeRecursively$9(NodeTestTask.java:139)
	at org.junit.platform.engine.support.hierarchical.ThrowableCollector.execute(ThrowableCollector.java:73)
	at org.junit.platform.engine.support.hierarchical.NodeTestTask.executeRecursively(NodeTestTask.java:138)
	at org.junit.platform.engine.support.hierarchical.NodeTestTask.execute(NodeTestTask.java:95)
	at org.junit.platform.engine.support.hierarchical.SameThreadHierarchicalTestExecutorService.submit(SameThreadHierarchicalTestExecutorService.java:35)
	at org.junit.platform.engine.support.hierarchical.HierarchicalTestExecutor.execute(HierarchicalTestExecutor.java:57)
	at org.junit.platform.engine.support.hierarchical.HierarchicalTestEngine.execute(HierarchicalTestEngine.java:54)
	at org.junit.platform.launcher.core.EngineExecutionOrchestrator.execute(EngineExecutionOrchestrator.java:147)
	at org.junit.platform.launcher.core.EngineExecutionOrchestrator.execute(EngineExecutionOrchestrator.java:127)
	at org.junit.platform.launcher.core.EngineExecutionOrchestrator.execute(EngineExecutionOrchestrator.java:90)
	at org.junit.platform.launcher.core.EngineExecutionOrchestrator.lambda$execute$0(EngineExecutionOrchestrator.java:55)
	at org.junit.platform.launcher.core.EngineExecutionOrchestrator.withInterceptedStreams(EngineExecutionOrchestrator.java:102)
	at org.junit.platform.launcher.core.EngineExecutionOrchestrator.execute(EngineExecutionOrchestrator.java:54)
	at org.junit.platform.launcher.core.DefaultLauncher.execute(DefaultLauncher.java:114)
	at org.junit.platform.launcher.core.DefaultLauncher.execute(DefaultLauncher.java:86)
	at org.junit.platform.launcher.core.DefaultLauncherSession$DelegatingLauncher.execute(DefaultLauncherSession.java:86)
	at org.apache.maven.surefire.junitplatform.LazyLauncher.execute(LazyLauncher.java:55)
	at org.apache.maven.surefire.junitplatform.JUnitPlatformProvider.execute(JUnitPlatformProvider.java:223)
	at org.apache.maven.surefire.junitplatform.JUnitPlatformProvider.invokeAllTests(JUnitPlatformProvider.java:175)
	at org.apache.maven.surefire.junitplatform.JUnitPlatformProvider.invoke(JUnitPlatformProvider.java:139)
	at org.apache.maven.surefire.booter.ForkedBooter.runSuitesInProcess(ForkedBooter.java:456)
	at org.apache.maven.surefire.booter.ForkedBooter.execute(ForkedBooter.java:169)
	at org.apache.maven.surefire.booter.ForkedBooter.run(ForkedBooter.java:595)
	at org.apache.maven.surefire.booter.ForkedBooter.main(ForkedBooter.java:581)
Caused by: java.lang.IllegalArgumentException: Parameter value [[1, 2, 3]] did not match expected type [BasicSqmPathSource(id : Long) ]
	at org.hibernate.query.internal.QueryParameterBindingImpl.setBindValue(QueryParameterBindingImpl.java:119)
	at org.hibernate.query.spi.AbstractCommonQueryContract.setParameter(AbstractCommonQueryContract.java:860)
	at org.hibernate.query.spi.AbstractSelectionQuery.setParameter(AbstractSelectionQuery.java:708)
	at org.hibernate.query.sqm.internal.QuerySqmImpl.setParameter(QuerySqmImpl.java:1263)
	at org.hibernate.query.sqm.internal.QuerySqmImpl.setParameter(QuerySqmImpl.java:131)
	at se.agreedskiing.hibernate.list.hibernate.six.Application.query(Application.java:48)
	at se.agreedskiing.hibernate.list.hibernate.six.Application.listContaingValues(Application.java:30)
	at se.agreedskiing.hibernate.list.hibernate.six.ApplicationTest.get_a_list_containt_values(ApplicationTest.java:26)
	... 71 more
Caused by: org.hibernate.type.descriptor.java.CoercionException: Cannot coerce value `[1, 2, 3]` [java.util.ImmutableCollections$ListN] as Long
	at org.hibernate.type.descriptor.java.LongJavaType.coerce(LongJavaType.java:155)
	at org.hibernate.type.descriptor.java.LongJavaType.coerce(LongJavaType.java:24)
	at org.hibernate.query.internal.QueryParameterBindingImpl.coerce(QueryParameterBindingImpl.java:144)
	at org.hibernate.query.internal.QueryParameterBindingImpl.setBindValue(QueryParameterBindingImpl.java:111)
	... 78 more

[INFO] 
[INFO] Results:
[INFO] 
[ERROR] Failures: 
[ERROR]   ApplicationTest.get_a_list_containt_values:29 Query failed with an exception instead of working
[ERROR]   ApplicationTest.get_an_empty_list:39 Query failed with an exception instead of working
[INFO] 
[ERROR] Tests run: 3, Failures: 2, Errors: 0, Skipped: 0
[INFO] 
[INFO] 
[INFO] ---------< se.agreedskiing.hibernate.list:hibernate-reactive >----------
[INFO] Building Hibernate Reactive 1.0.0-SNAPSHOT                         [4/4]
[INFO] --------------------------------[ jar ]---------------------------------
[INFO] 
[INFO] --- maven-clean-plugin:2.5:clean (default-clean) @ hibernate-reactive ---
[INFO] Deleting /home/baker_reorients/java/hibernate-empty-list-reproducer/hibernate-reactive/target
[INFO] 
[INFO] --- maven-resources-plugin:2.6:resources (default-resources) @ hibernate-reactive ---
[INFO] Using 'UTF-8' encoding to copy filtered resources.
[INFO] Copying 3 resources
[INFO] 
[INFO] --- maven-compiler-plugin:3.10.1:compile (default-compile) @ hibernate-reactive ---
[INFO] Changes detected - recompiling the module!
[INFO] Compiling 2 source files to /home/baker_reorients/java/hibernate-empty-list-reproducer/hibernate-reactive/target/classes
[INFO] 
[INFO] --- maven-resources-plugin:2.6:testResources (default-testResources) @ hibernate-reactive ---
[INFO] Using 'UTF-8' encoding to copy filtered resources.
[INFO] skip non existing resourceDirectory /home/baker_reorients/java/hibernate-empty-list-reproducer/hibernate-reactive/src/test/resources
[INFO] 
[INFO] --- maven-compiler-plugin:3.10.1:testCompile (default-testCompile) @ hibernate-reactive ---
[INFO] Changes detected - recompiling the module!
[INFO] Compiling 3 source files to /home/baker_reorients/java/hibernate-empty-list-reproducer/hibernate-reactive/target/test-classes
[INFO] 
[INFO] --- maven-surefire-plugin:3.0.0-M9:test (default-test) @ hibernate-reactive ---
[INFO] Using auto detected provider org.apache.maven.surefire.junitplatform.JUnitPlatformProvider
[INFO] 
[INFO] -------------------------------------------------------
[INFO]  T E S T S
[INFO] -------------------------------------------------------
[INFO] Running se.agreedskiing.hibernate.timezone.hibernate.reactive.ApplicationTest
2023-03-07 22:16:20 [main] INFO  o.t.utility.ImageNameSubstitutor - Image name substitution will be performed by: DefaultImageNameSubstitutor (composite of 'ConfigurationFileImageNameSubstitutor' and 'PrefixingImageNameSubstitutor')
2023-03-07 22:16:20 [main] INFO  o.t.d.DockerClientProviderStrategy - Loaded org.testcontainers.dockerclient.UnixSocketClientProviderStrategy from ~/.testcontainers.properties, will try it first
2023-03-07 22:16:20 [main] INFO  o.t.d.DockerClientProviderStrategy - Found Docker environment with local Unix socket (unix:///var/run/docker.sock)
2023-03-07 22:16:20 [main] INFO  o.testcontainers.DockerClientFactory - Docker host IP address is localhost
2023-03-07 22:16:20 [main] INFO  o.testcontainers.DockerClientFactory - Connected to docker: 
  Server Version: 23.0.1
  API Version: 1.42
  Operating System: Ubuntu 20.04.5 LTS
  Total Memory: 7887 MB
2023-03-07 22:16:20 [main] INFO  üê≥ [testcontainers/ryuk:0.3.4] - Creating container for image: testcontainers/ryuk:0.3.4
2023-03-07 22:16:20 [main] INFO  o.t.utility.RegistryAuthLocator - Failure when attempting to lookup auth config. Please ignore if you don't have images in an authenticated registry. Details: (dockerImageName: testcontainers/ryuk:0.3.4, configFile: /home/baker_reorients/.docker/config.json. Falling back to docker-java default behaviour. Exception message: /home/baker_reorients/.docker/config.json (No such file or directory)
2023-03-07 22:16:21 [main] INFO  üê≥ [testcontainers/ryuk:0.3.4] - Container testcontainers/ryuk:0.3.4 is starting: 18bb7a99733ba8c9d58092f56410eaecf55800ed2dd4b8896805d1b5550ede5c
2023-03-07 22:16:22 [main] INFO  üê≥ [testcontainers/ryuk:0.3.4] - Container testcontainers/ryuk:0.3.4 started in PT2.082811606S
2023-03-07 22:16:22 [main] INFO  o.t.utility.RyukResourceReaper - Ryuk started - will monitor and terminate Testcontainers containers on JVM exit
2023-03-07 22:16:22 [main] INFO  o.testcontainers.DockerClientFactory - Checking the system...
2023-03-07 22:16:22 [main] INFO  o.testcontainers.DockerClientFactory - ‚úîÔ∏é Docker server version should be at least 1.6.0
2023-03-07 22:16:22 [main] INFO  üê≥ [postgres:14.0-alpine] - Creating container for image: postgres:14.0-alpine
2023-03-07 22:16:23 [main] INFO  üê≥ [postgres:14.0-alpine] - Container postgres:14.0-alpine is starting: d43d395757de32327b6908b540054e7f26ee12456748c5c59e35879fc9c777a4
2023-03-07 22:16:27 [main] INFO  üê≥ [postgres:14.0-alpine] - Container postgres:14.0-alpine started in PT4.511353597S
2023-03-07 22:16:27 [main] INFO  o.h.jpa.internal.util.LogHelper - HHH000204: Processing PersistenceUnitInfo [name: standard]
2023-03-07 22:16:27 [main] INFO  org.hibernate.Version - HHH000412: Hibernate ORM core version 5.6.12.Final
2023-03-07 22:16:27 [main] INFO  o.h.annotations.common.Version - HCANN000001: Hibernate Commons Annotations {5.1.2.Final}
2023-03-07 22:16:27 [main] INFO  org.hibernate.dialect.Dialect - HHH000400: Using dialect: org.hibernate.dialect.PostgreSQL10Dialect
2023-03-07 22:16:27 [main] INFO  o.h.r.p.impl.ReactiveIntegrator - HR000001: Hibernate Reactive
2023-03-07 22:16:27 [main] INFO  o.h.r.pool.impl.DefaultSqlClientPool - HR000011: SQL Client URL [jdbc:postgresql://localhost:32994/hibernate_reactive]
2023-03-07 22:16:27 [main] INFO  o.h.r.v.impl.DefaultVertxInstance - HR000002: Vert.x not detected, creating a new instance
2023-03-07 22:16:28 [main] INFO  o.h.r.p.i.DefaultSqlClientPoolConfiguration - HR000025: Connection pool size: 10
2023-03-07 22:16:28 [vert.x-eventloop-thread-0] DEBUG org.hibernate.SQL - drop table if exists test cascade
2023-03-07 22:16:28 [vert.x-eventloop-thread-0] WARN  i.v.s.impl.SocketConnectionBase - Backend notice: severity='NOTICE', code='00000', message='table "test" does not exist, skipping', detail='null', hint='null', position='null', internalPosition='null', internalQuery='null', where='null', file='tablecmds.c', line='1265', routine='DropErrorMsgNonExistent', schema='null', table='null', column='null', dataType='null', constraint='null'
2023-03-07 22:16:28 [main] INFO  o.h.t.s.internal.SchemaCreatorImpl - HHH000476: Executing import script 'file:/home/baker_reorients/java/hibernate-empty-list-reproducer/hibernate-reactive/target/classes/import.sql'
2023-03-07 22:16:28 [vert.x-eventloop-thread-0] DEBUG org.hibernate.SQL - drop table if exists test cascade
2023-03-07 22:16:28 [vert.x-eventloop-thread-0] WARN  i.v.s.impl.SocketConnectionBase - Backend notice: severity='NOTICE', code='00000', message='table "test" does not exist, skipping', detail='null', hint='null', position='null', internalPosition='null', internalQuery='null', where='null', file='tablecmds.c', line='1265', routine='DropErrorMsgNonExistent', schema='null', table='null', column='null', dataType='null', constraint='null'
2023-03-07 22:16:28 [vert.x-eventloop-thread-0] DEBUG org.hibernate.SQL - create table test (id int8 generated by default as identity, primary key (id))
2023-03-07 22:16:28 [vert.x-eventloop-thread-0] DEBUG org.hibernate.SQL - DROP TABLE IF EXISTS test
2023-03-07 22:16:28 [vert.x-eventloop-thread-0] DEBUG org.hibernate.SQL - CREATE TABLE IF NOT EXISTS test (id BIGINT NOT NULL, PRIMARY KEY (id))
2023-03-07 22:16:28 [vert.x-eventloop-thread-0] DEBUG org.hibernate.SQL - INSERT INTO test (id) VALUES (1)
2023-03-07 22:16:28 [vert.x-eventloop-thread-0] DEBUG org.hibernate.SQL - INSERT INTO test (id) VALUES (2)
2023-03-07 22:16:28 [vert.x-eventloop-thread-0] DEBUG org.hibernate.SQL - INSERT INTO test (id) VALUES (3)
2023-03-07 22:16:28 [vert.x-eventloop-thread-0] DEBUG org.hibernate.SQL - INSERT INTO test (id) VALUES (4)
2023-03-07 22:16:28 [vert.x-eventloop-thread-0] TRACE o.h.type.descriptor.sql.BasicBinder - binding parameter [1] as [BIGINT] - [null]
2023-03-07 22:16:28 [vert.x-eventloop-thread-0] TRACE o.h.type.descriptor.sql.BasicBinder - binding parameter [2] as [BIGINT] - [null]
2023-03-07 22:16:28 [vert.x-eventloop-thread-0] DEBUG org.hibernate.SQL - select test0_.id as id1_0_ from test test0_ where coalesce($1) is not null or test0_.id in ($2)
2023-03-07 22:16:28 [main] INFO  o.h.jpa.internal.util.LogHelper - HHH000204: Processing PersistenceUnitInfo [name: standard]
2023-03-07 22:16:28 [main] INFO  org.hibernate.dialect.Dialect - HHH000400: Using dialect: org.hibernate.dialect.PostgreSQL10Dialect
2023-03-07 22:16:28 [main] INFO  o.h.r.p.impl.ReactiveIntegrator - HR000001: Hibernate Reactive
2023-03-07 22:16:28 [main] INFO  o.h.r.pool.impl.DefaultSqlClientPool - HR000011: SQL Client URL [jdbc:postgresql://localhost:32994/hibernate_reactive]
2023-03-07 22:16:28 [main] INFO  o.h.r.v.impl.DefaultVertxInstance - HR000002: Vert.x not detected, creating a new instance
2023-03-07 22:16:28 [main] INFO  o.h.r.p.i.DefaultSqlClientPoolConfiguration - HR000025: Connection pool size: 10
2023-03-07 22:16:28 [vert.x-eventloop-thread-0] DEBUG org.hibernate.SQL - drop table if exists test cascade
2023-03-07 22:16:28 [main] INFO  o.h.t.s.internal.SchemaCreatorImpl - HHH000476: Executing import script 'file:/home/baker_reorients/java/hibernate-empty-list-reproducer/hibernate-reactive/target/classes/import.sql'
2023-03-07 22:16:28 [vert.x-eventloop-thread-0] DEBUG org.hibernate.SQL - drop table if exists test cascade
2023-03-07 22:16:28 [vert.x-eventloop-thread-0] WARN  i.v.s.impl.SocketConnectionBase - Backend notice: severity='NOTICE', code='00000', message='table "test" does not exist, skipping', detail='null', hint='null', position='null', internalPosition='null', internalQuery='null', where='null', file='tablecmds.c', line='1265', routine='DropErrorMsgNonExistent', schema='null', table='null', column='null', dataType='null', constraint='null'
2023-03-07 22:16:28 [vert.x-eventloop-thread-0] DEBUG org.hibernate.SQL - create table test (id int8 generated by default as identity, primary key (id))
2023-03-07 22:16:28 [vert.x-eventloop-thread-0] DEBUG org.hibernate.SQL - DROP TABLE IF EXISTS test
2023-03-07 22:16:28 [vert.x-eventloop-thread-0] DEBUG org.hibernate.SQL - CREATE TABLE IF NOT EXISTS test (id BIGINT NOT NULL, PRIMARY KEY (id))
2023-03-07 22:16:28 [vert.x-eventloop-thread-0] DEBUG org.hibernate.SQL - INSERT INTO test (id) VALUES (1)
2023-03-07 22:16:28 [vert.x-eventloop-thread-0] DEBUG org.hibernate.SQL - INSERT INTO test (id) VALUES (2)
2023-03-07 22:16:28 [vert.x-eventloop-thread-0] DEBUG org.hibernate.SQL - INSERT INTO test (id) VALUES (3)
2023-03-07 22:16:28 [vert.x-eventloop-thread-0] DEBUG org.hibernate.SQL - INSERT INTO test (id) VALUES (4)
2023-03-07 22:16:28 [vert.x-eventloop-thread-0] DEBUG org.hibernate.SQL - select test0_.id as id1_0_ from test test0_ where coalesce(null) is not null or test0_.id in (null)
2023-03-07 22:16:28 [main] INFO  o.h.jpa.internal.util.LogHelper - HHH000204: Processing PersistenceUnitInfo [name: standard]
2023-03-07 22:16:28 [main] INFO  org.hibernate.dialect.Dialect - HHH000400: Using dialect: org.hibernate.dialect.PostgreSQL10Dialect
2023-03-07 22:16:28 [main] INFO  o.h.r.p.impl.ReactiveIntegrator - HR000001: Hibernate Reactive
2023-03-07 22:16:28 [main] INFO  o.h.r.pool.impl.DefaultSqlClientPool - HR000011: SQL Client URL [jdbc:postgresql://localhost:32994/hibernate_reactive]
2023-03-07 22:16:28 [main] INFO  o.h.r.v.impl.DefaultVertxInstance - HR000002: Vert.x not detected, creating a new instance
2023-03-07 22:16:28 [main] INFO  o.h.r.p.i.DefaultSqlClientPoolConfiguration - HR000025: Connection pool size: 10
2023-03-07 22:16:28 [vert.x-eventloop-thread-0] DEBUG org.hibernate.SQL - drop table if exists test cascade
2023-03-07 22:16:28 [main] INFO  o.h.t.s.internal.SchemaCreatorImpl - HHH000476: Executing import script 'file:/home/baker_reorients/java/hibernate-empty-list-reproducer/hibernate-reactive/target/classes/import.sql'
2023-03-07 22:16:28 [vert.x-eventloop-thread-0] DEBUG org.hibernate.SQL - drop table if exists test cascade
2023-03-07 22:16:28 [vert.x-eventloop-thread-0] WARN  i.v.s.impl.SocketConnectionBase - Backend notice: severity='NOTICE', code='00000', message='table "test" does not exist, skipping', detail='null', hint='null', position='null', internalPosition='null', internalQuery='null', where='null', file='tablecmds.c', line='1265', routine='DropErrorMsgNonExistent', schema='null', table='null', column='null', dataType='null', constraint='null'
2023-03-07 22:16:28 [vert.x-eventloop-thread-0] DEBUG org.hibernate.SQL - create table test (id int8 generated by default as identity, primary key (id))
2023-03-07 22:16:28 [vert.x-eventloop-thread-0] DEBUG org.hibernate.SQL - DROP TABLE IF EXISTS test
2023-03-07 22:16:28 [vert.x-eventloop-thread-0] DEBUG org.hibernate.SQL - CREATE TABLE IF NOT EXISTS test (id BIGINT NOT NULL, PRIMARY KEY (id))
2023-03-07 22:16:28 [vert.x-eventloop-thread-0] DEBUG org.hibernate.SQL - INSERT INTO test (id) VALUES (1)
2023-03-07 22:16:28 [vert.x-eventloop-thread-0] DEBUG org.hibernate.SQL - INSERT INTO test (id) VALUES (2)
2023-03-07 22:16:28 [vert.x-eventloop-thread-0] DEBUG org.hibernate.SQL - INSERT INTO test (id) VALUES (3)
2023-03-07 22:16:28 [vert.x-eventloop-thread-0] DEBUG org.hibernate.SQL - INSERT INTO test (id) VALUES (4)
2023-03-07 22:16:28 [vert.x-eventloop-thread-0] TRACE o.h.type.descriptor.sql.BasicBinder - binding parameter [1] as [BIGINT] - [1]
2023-03-07 22:16:28 [vert.x-eventloop-thread-0] TRACE o.h.type.descriptor.sql.BasicBinder - binding parameter [2] as [BIGINT] - [2]
2023-03-07 22:16:28 [vert.x-eventloop-thread-0] TRACE o.h.type.descriptor.sql.BasicBinder - binding parameter [3] as [BIGINT] - [3]
2023-03-07 22:16:28 [vert.x-eventloop-thread-0] TRACE o.h.type.descriptor.sql.BasicBinder - binding parameter [4] as [BIGINT] - [1]
2023-03-07 22:16:28 [vert.x-eventloop-thread-0] TRACE o.h.type.descriptor.sql.BasicBinder - binding parameter [5] as [BIGINT] - [2]
2023-03-07 22:16:28 [vert.x-eventloop-thread-0] TRACE o.h.type.descriptor.sql.BasicBinder - binding parameter [6] as [BIGINT] - [3]
2023-03-07 22:16:28 [vert.x-eventloop-thread-0] DEBUG org.hibernate.SQL - select test0_.id as id1_0_ from test test0_ where coalesce($1, $2, $3) is not null or test0_.id in ($4 , $5 , $6)
2023-03-07 22:16:28 [vert.x-eventloop-thread-0] ERROR org.hibernate.reactive.errors - HR000057: Failed to execute statement [select test0_.id as id1_0_ from test test0_ where coalesce($1, $2, $3) is not null or test0_.id in ($4 , $5 , $6)]: could not execute query
java.util.concurrent.CompletionException: io.vertx.core.impl.NoStackTraceThrowable: Parameter at position[0] with class = [java.lang.Long] and value = [1] can not be coerced to the expected class = [java.lang.String] for encoding.
	at java.base/java.util.concurrent.CompletableFuture.encodeThrowable(CompletableFuture.java:315)
	at java.base/java.util.concurrent.CompletableFuture.completeThrowable(CompletableFuture.java:320)
	at java.base/java.util.concurrent.CompletableFuture.uniHandle(CompletableFuture.java:936)
	at java.base/java.util.concurrent.CompletableFuture$UniHandle.tryFire(CompletableFuture.java:911)
	at java.base/java.util.concurrent.CompletableFuture.postComplete(CompletableFuture.java:510)
	at java.base/java.util.concurrent.CompletableFuture.completeExceptionally(CompletableFuture.java:2162)
	at io.vertx.core.Future.lambda$toCompletionStage$3(Future.java:386)
	at io.vertx.core.impl.future.FutureImpl$3.onFailure(FutureImpl.java:153)
	at io.vertx.core.impl.future.FutureBase.emitFailure(FutureBase.java:75)
	at io.vertx.core.impl.future.FutureImpl.tryFail(FutureImpl.java:230)
	at io.vertx.core.impl.future.PromiseImpl.tryFail(PromiseImpl.java:23)
	at io.vertx.sqlclient.impl.QueryResultBuilder.tryFail(QueryResultBuilder.java:116)
	at io.vertx.core.Promise.fail(Promise.java:89)
	at io.vertx.core.Promise.handle(Promise.java:53)
	at io.vertx.core.Promise.handle(Promise.java:29)
	at io.vertx.core.impl.future.FutureImpl$3.onFailure(FutureImpl.java:153)
	at io.vertx.core.impl.future.FutureBase.lambda$emitFailure$1(FutureBase.java:69)
	at io.vertx.core.impl.EventLoopContext.execute(EventLoopContext.java:86)
	at io.vertx.core.impl.DuplicatedContext.execute(DuplicatedContext.java:163)
	at io.vertx.core.impl.future.FutureBase.emitFailure(FutureBase.java:66)
	at io.vertx.core.impl.future.FutureImpl.tryFail(FutureImpl.java:230)
	at io.vertx.core.impl.future.PromiseImpl.tryFail(PromiseImpl.java:23)
	at io.vertx.core.impl.future.PromiseImpl.onFailure(PromiseImpl.java:54)
	at io.vertx.core.impl.future.PromiseImpl.handle(PromiseImpl.java:43)
	at io.vertx.core.impl.future.PromiseImpl.handle(PromiseImpl.java:23)
	at io.vertx.sqlclient.impl.command.CommandBase.complete(CommandBase.java:42)
	at io.vertx.sqlclient.impl.command.CommandBase.fail(CommandBase.java:33)
	at io.vertx.sqlclient.impl.SocketConnectionBase.lambda$prepareCommand$4(SocketConnectionBase.java:266)
	at io.vertx.sqlclient.impl.command.CommandResponse.fire(CommandResponse.java:46)
	at io.vertx.sqlclient.impl.SocketConnectionBase.handleMessage(SocketConnectionBase.java:292)
	at io.vertx.pgclient.impl.PgSocketConnection.handleMessage(PgSocketConnection.java:97)
	at io.vertx.sqlclient.impl.SocketConnectionBase.lambda$init$0(SocketConnectionBase.java:105)
	at io.vertx.core.impl.EventLoopContext.emit(EventLoopContext.java:55)
	at io.vertx.core.impl.ContextBase.emit(ContextBase.java:239)
	at io.vertx.core.net.impl.NetSocketImpl.handleMessage(NetSocketImpl.java:378)
	at io.vertx.core.net.impl.ConnectionBase.read(ConnectionBase.java:158)
	at io.vertx.core.net.impl.VertxHandler.channelRead(VertxHandler.java:153)
	at io.netty.channel.AbstractChannelHandlerContext.invokeChannelRead(AbstractChannelHandlerContext.java:442)
	at io.netty.channel.AbstractChannelHandlerContext.invokeChannelRead(AbstractChannelHandlerContext.java:420)
	at io.netty.channel.AbstractChannelHandlerContext.fireChannelRead(AbstractChannelHandlerContext.java:412)
	at io.netty.channel.CombinedChannelDuplexHandler$DelegatingChannelHandlerContext.fireChannelRead(CombinedChannelDuplexHandler.java:436)
	at io.vertx.pgclient.impl.codec.PgEncoder.lambda$write$0(PgEncoder.java:98)
	at io.vertx.pgclient.impl.codec.PgCommandCodec.handleReadyForQuery(PgCommandCodec.java:139)
	at io.vertx.pgclient.impl.codec.PrepareStatementCommandCodec.handleReadyForQuery(PrepareStatementCommandCodec.java:96)
	at io.vertx.pgclient.impl.codec.PgDecoder.decodeReadyForQuery(PgDecoder.java:237)
	at io.vertx.pgclient.impl.codec.PgDecoder.channelRead(PgDecoder.java:96)
	at io.netty.channel.CombinedChannelDuplexHandler.channelRead(CombinedChannelDuplexHandler.java:251)
	at io.netty.channel.AbstractChannelHandlerContext.invokeChannelRead(AbstractChannelHandlerContext.java:442)
	at io.netty.channel.AbstractChannelHandlerContext.invokeChannelRead(AbstractChannelHandlerContext.java:420)
	at io.netty.channel.AbstractChannelHandlerContext.fireChannelRead(AbstractChannelHandlerContext.java:412)
	at io.netty.channel.DefaultChannelPipeline$HeadContext.channelRead(DefaultChannelPipeline.java:1410)
	at io.netty.channel.AbstractChannelHandlerContext.invokeChannelRead(AbstractChannelHandlerContext.java:440)
	at io.netty.channel.AbstractChannelHandlerContext.invokeChannelRead(AbstractChannelHandlerContext.java:420)
	at io.netty.channel.DefaultChannelPipeline.fireChannelRead(DefaultChannelPipeline.java:919)
	at io.netty.channel.nio.AbstractNioByteChannel$NioByteUnsafe.read(AbstractNioByteChannel.java:166)
	at io.netty.channel.nio.NioEventLoop.processSelectedKey(NioEventLoop.java:788)
	at io.netty.channel.nio.NioEventLoop.processSelectedKeysOptimized(NioEventLoop.java:724)
	at io.netty.channel.nio.NioEventLoop.processSelectedKeys(NioEventLoop.java:650)
	at io.netty.channel.nio.NioEventLoop.run(NioEventLoop.java:562)
	at io.netty.util.concurrent.SingleThreadEventExecutor$4.run(SingleThreadEventExecutor.java:997)
	at io.netty.util.internal.ThreadExecutorMap$2.run(ThreadExecutorMap.java:74)
	at io.netty.util.concurrent.FastThreadLocalRunnable.run(FastThreadLocalRunnable.java:30)
	at java.base/java.lang.Thread.run(Thread.java:833)
Caused by: io.vertx.core.impl.NoStackTraceThrowable: Parameter at position[0] with class = [java.lang.Long] and value = [1] can not be coerced to the expected class = [java.lang.String] for encoding.
[ERROR] Tests run: 3, Failures: 1, Errors: 0, Skipped: 0, Time elapsed: 11.33 s <<< FAILURE! - in se.agreedskiing.hibernate.timezone.hibernate.reactive.ApplicationTest
[ERROR] se.agreedskiing.hibernate.timezone.hibernate.reactive.ApplicationTest.get_a_list_containt_values  Time elapsed: 0.09 s  <<< FAILURE!
java.lang.AssertionError: Expected an item event but got a failure: io.vertx.core.impl.NoStackTraceThrowable: Parameter at position[0] with class = [java.lang.Long] and value = [1] can not be coerced to the expected class = [java.lang.String] for encoding.
	at io.smallrye.mutiny.helpers.test.UniAssertSubscriber.awaitItem(UniAssertSubscriber.java:165)
	at io.smallrye.mutiny.helpers.test.UniAssertSubscriber.awaitItem(UniAssertSubscriber.java:143)
	at se.agreedskiing.hibernate.timezone.hibernate.reactive.ApplicationTest.get_a_list_containt_values(ApplicationTest.java:30)
	at java.base/jdk.internal.reflect.NativeMethodAccessorImpl.invoke0(Native Method)
	at java.base/jdk.internal.reflect.NativeMethodAccessorImpl.invoke(NativeMethodAccessorImpl.java:77)
	at java.base/jdk.internal.reflect.DelegatingMethodAccessorImpl.invoke(DelegatingMethodAccessorImpl.java:43)
	at java.base/java.lang.reflect.Method.invoke(Method.java:568)
	at org.junit.platform.commons.util.ReflectionUtils.invokeMethod(ReflectionUtils.java:727)
	at org.junit.jupiter.engine.execution.MethodInvocation.proceed(MethodInvocation.java:60)
	at org.junit.jupiter.engine.execution.InvocationInterceptorChain$ValidatingInvocation.proceed(InvocationInterceptorChain.java:131)
	at org.junit.jupiter.engine.extension.TimeoutExtension.intercept(TimeoutExtension.java:156)
	at org.junit.jupiter.engine.extension.TimeoutExtension.interceptTestableMethod(TimeoutExtension.java:147)
	at org.junit.jupiter.engine.extension.TimeoutExtension.interceptTestMethod(TimeoutExtension.java:86)
	at org.junit.jupiter.engine.execution.InterceptingExecutableInvoker$ReflectiveInterceptorCall.lambda$ofVoidMethod$0(InterceptingExecutableInvoker.java:103)
	at org.junit.jupiter.engine.execution.InterceptingExecutableInvoker.lambda$invoke$0(InterceptingExecutableInvoker.java:93)
	at org.junit.jupiter.engine.execution.InvocationInterceptorChain$InterceptedInvocation.proceed(InvocationInterceptorChain.java:106)
	at org.junit.jupiter.engine.execution.InvocationInterceptorChain.proceed(InvocationInterceptorChain.java:64)
	at org.junit.jupiter.engine.execution.InvocationInterceptorChain.chainAndInvoke(InvocationInterceptorChain.java:45)
	at org.junit.jupiter.engine.execution.InvocationInterceptorChain.invoke(InvocationInterceptorChain.java:37)
	at org.junit.jupiter.engine.execution.InterceptingExecutableInvoker.invoke(InterceptingExecutableInvoker.java:92)
	at org.junit.jupiter.engine.execution.InterceptingExecutableInvoker.invoke(InterceptingExecutableInvoker.java:86)
	at org.junit.jupiter.engine.descriptor.TestMethodTestDescriptor.lambda$invokeTestMethod$7(TestMethodTestDescriptor.java:217)
	at org.junit.platform.engine.support.hierarchical.ThrowableCollector.execute(ThrowableCollector.java:73)
	at org.junit.jupiter.engine.descriptor.TestMethodTestDescriptor.invokeTestMethod(TestMethodTestDescriptor.java:213)
	at org.junit.jupiter.engine.descriptor.TestMethodTestDescriptor.execute(TestMethodTestDescriptor.java:138)
	at org.junit.jupiter.engine.descriptor.TestMethodTestDescriptor.execute(TestMethodTestDescriptor.java:68)
	at org.junit.platform.engine.support.hierarchical.NodeTestTask.lambda$executeRecursively$6(NodeTestTask.java:151)
	at org.junit.platform.engine.support.hierarchical.ThrowableCollector.execute(ThrowableCollector.java:73)
	at org.junit.platform.engine.support.hierarchical.NodeTestTask.lambda$executeRecursively$8(NodeTestTask.java:141)
	at org.junit.platform.engine.support.hierarchical.Node.around(Node.java:137)
	at org.junit.platform.engine.support.hierarchical.NodeTestTask.lambda$executeRecursively$9(NodeTestTask.java:139)
	at org.junit.platform.engine.support.hierarchical.ThrowableCollector.execute(ThrowableCollector.java:73)
	at org.junit.platform.engine.support.hierarchical.NodeTestTask.executeRecursively(NodeTestTask.java:138)
	at org.junit.platform.engine.support.hierarchical.NodeTestTask.execute(NodeTestTask.java:95)
	at java.base/java.util.ArrayList.forEach(ArrayList.java:1511)
	at org.junit.platform.engine.support.hierarchical.SameThreadHierarchicalTestExecutorService.invokeAll(SameThreadHierarchicalTestExecutorService.java:41)
	at org.junit.platform.engine.support.hierarchical.NodeTestTask.lambda$executeRecursively$6(NodeTestTask.java:155)
	at org.junit.platform.engine.support.hierarchical.ThrowableCollector.execute(ThrowableCollector.java:73)
	at org.junit.platform.engine.support.hierarchical.NodeTestTask.lambda$executeRecursively$8(NodeTestTask.java:141)
	at org.junit.platform.engine.support.hierarchical.Node.around(Node.java:137)
	at org.junit.platform.engine.support.hierarchical.NodeTestTask.lambda$executeRecursively$9(NodeTestTask.java:139)
	at org.junit.platform.engine.support.hierarchical.ThrowableCollector.execute(ThrowableCollector.java:73)
	at org.junit.platform.engine.support.hierarchical.NodeTestTask.executeRecursively(NodeTestTask.java:138)
	at org.junit.platform.engine.support.hierarchical.NodeTestTask.execute(NodeTestTask.java:95)
	at java.base/java.util.ArrayList.forEach(ArrayList.java:1511)
	at org.junit.platform.engine.support.hierarchical.SameThreadHierarchicalTestExecutorService.invokeAll(SameThreadHierarchicalTestExecutorService.java:41)
	at org.junit.platform.engine.support.hierarchical.NodeTestTask.lambda$executeRecursively$6(NodeTestTask.java:155)
	at org.junit.platform.engine.support.hierarchical.ThrowableCollector.execute(ThrowableCollector.java:73)
	at org.junit.platform.engine.support.hierarchical.NodeTestTask.lambda$executeRecursively$8(NodeTestTask.java:141)
	at org.junit.platform.engine.support.hierarchical.Node.around(Node.java:137)
	at org.junit.platform.engine.support.hierarchical.NodeTestTask.lambda$executeRecursively$9(NodeTestTask.java:139)
	at org.junit.platform.engine.support.hierarchical.ThrowableCollector.execute(ThrowableCollector.java:73)
	at org.junit.platform.engine.support.hierarchical.NodeTestTask.executeRecursively(NodeTestTask.java:138)
	at org.junit.platform.engine.support.hierarchical.NodeTestTask.execute(NodeTestTask.java:95)
	at org.junit.platform.engine.support.hierarchical.SameThreadHierarchicalTestExecutorService.submit(SameThreadHierarchicalTestExecutorService.java:35)
	at org.junit.platform.engine.support.hierarchical.HierarchicalTestExecutor.execute(HierarchicalTestExecutor.java:57)
	at org.junit.platform.engine.support.hierarchical.HierarchicalTestEngine.execute(HierarchicalTestEngine.java:54)
	at org.junit.platform.launcher.core.EngineExecutionOrchestrator.execute(EngineExecutionOrchestrator.java:147)
	at org.junit.platform.launcher.core.EngineExecutionOrchestrator.execute(EngineExecutionOrchestrator.java:127)
	at org.junit.platform.launcher.core.EngineExecutionOrchestrator.execute(EngineExecutionOrchestrator.java:90)
	at org.junit.platform.launcher.core.EngineExecutionOrchestrator.lambda$execute$0(EngineExecutionOrchestrator.java:55)
	at org.junit.platform.launcher.core.EngineExecutionOrchestrator.withInterceptedStreams(EngineExecutionOrchestrator.java:102)
	at org.junit.platform.launcher.core.EngineExecutionOrchestrator.execute(EngineExecutionOrchestrator.java:54)
	at org.junit.platform.launcher.core.DefaultLauncher.execute(DefaultLauncher.java:114)
	at org.junit.platform.launcher.core.DefaultLauncher.execute(DefaultLauncher.java:86)
	at org.junit.platform.launcher.core.DefaultLauncherSession$DelegatingLauncher.execute(DefaultLauncherSession.java:86)
	at org.apache.maven.surefire.junitplatform.LazyLauncher.execute(LazyLauncher.java:55)
	at org.apache.maven.surefire.junitplatform.JUnitPlatformProvider.execute(JUnitPlatformProvider.java:223)
	at org.apache.maven.surefire.junitplatform.JUnitPlatformProvider.invokeAllTests(JUnitPlatformProvider.java:175)
	at org.apache.maven.surefire.junitplatform.JUnitPlatformProvider.invoke(JUnitPlatformProvider.java:139)
	at org.apache.maven.surefire.booter.ForkedBooter.runSuitesInProcess(ForkedBooter.java:456)
	at org.apache.maven.surefire.booter.ForkedBooter.execute(ForkedBooter.java:169)
	at org.apache.maven.surefire.booter.ForkedBooter.run(ForkedBooter.java:595)
	at org.apache.maven.surefire.booter.ForkedBooter.main(ForkedBooter.java:581)

[INFO] 
[INFO] Results:
[INFO] 
[ERROR] Failures: 
[ERROR]   ApplicationTest.get_a_list_containt_values:30 Expected an item event but got a failure: io.vertx.core.impl.NoStackTraceThrowable: Parameter at position[0] with class = [java.lang.Long] and value = [1] can not be coerced to the expected class = [java.lang.String] for encoding.
[INFO] 
[ERROR] Tests run: 3, Failures: 1, Errors: 0, Skipped: 0
[INFO] 
[INFO] ------------------------------------------------------------------------
[INFO] Reactor Summary for Check List IS EMPTY reproducer for Hibenate Reactive 1.0.0-SNAPSHOT:
[INFO] 
[INFO] Check List IS EMPTY reproducer for Hibenate Reactive SUCCESS [  0.128 s]
[INFO] Hibernate ORM 5 .................................... SUCCESS [ 14.200 s]
[INFO] Hibernate ORM 6 .................................... FAILURE [ 12.514 s]
[INFO] Hibernate Reactive ................................. FAILURE [ 12.729 s]
[INFO] ------------------------------------------------------------------------
[INFO] BUILD FAILURE
[INFO] ------------------------------------------------------------------------
[INFO] Total time:  39.685 s
[INFO] Finished at: 2023-03-07T22:16:31+01:00
[INFO] ------------------------------------------------------------------------
[ERROR] Failed to execute goal org.apache.maven.plugins:maven-surefire-plugin:3.0.0-M9:test (default-test) on project hibernate-orm-six: There are test failures.
[ERROR] 
[ERROR] Please refer to /home/baker_reorients/java/hibernate-empty-list-reproducer/hibernate-orm-six/target/surefire-reports for the individual test results.
[ERROR] Please refer to dump files (if any exist) [date].dump, [date]-jvmRun[N].dump and [date].dumpstream.
[ERROR] -> [Help 1]
[ERROR] Failed to execute goal org.apache.maven.plugins:maven-surefire-plugin:3.0.0-M9:test (default-test) on project hibernate-reactive: There are test failures.
[ERROR] 
[ERROR] Please refer to /home/baker_reorients/java/hibernate-empty-list-reproducer/hibernate-reactive/target/surefire-reports for the individual test results.
[ERROR] Please refer to dump files (if any exist) [date].dump, [date]-jvmRun[N].dump and [date].dumpstream.
[ERROR] -> [Help 1]
[ERROR] 
[ERROR] To see the full stack trace of the errors, re-run Maven with the -e switch.
[ERROR] Re-run Maven using the -X switch to enable full debug logging.
[ERROR] 
[ERROR] For more information about the errors and possible solutions, please read the following articles:
[ERROR] [Help 1] http://cwiki.apache.org/confluence/display/MAVEN/MojoFailureException
[ERROR] 
[ERROR] After correcting the problems, you can resume the build with the command
[ERROR]   mvn <args> -rf :hibernate-orm-six
